{"devicePlatform":"","logFolder":"C:\\Users\\Comes\\git\\KatalonGitTest2\\Reports\\Login_Verification Case\\20180219_143855","runData":{"hostName":"COMES-PC$ - Comes-PC","os":"Windows 7 64bit","katalonVersion":"5.3.0.1","browser":"Chrome 64.0.3282.167","hostAddress":"10.70.28.51","sessionId":"78d1f72a4390fec4bb13432486de2aed","seleniumVersion":"3.7.1","proxyInformation":"ProxyInformation{proxyOption\u003dNO_PROXY, proxyServerType\u003dHTTP, password\u003d, proxyServerAddress\u003d, proxyServerPort\u003d0}","platform":"Windows 7"},"type":"TEST_SUITE","name":"Login_Verification Case","id":"Test Suites/Login_Verification Case","source":"","message":"Test Cases/Main Test Case/TC001_Verify Login FAILED because (of) Unable to verify equal between actual object \u0027false\u0027 and expected object \u0027true\u0027 (Root cause: Actual object \u0027false\u0027 and expected object \u0027true\u0027 are not equal)","description":"","startTime":1519018737795,"endTime":1519018758337,"childRecords":[{"isOptional":false,"type":"TEST_CASE","name":"Test Cases/Main Test Case/TC001_Verify Login","id":"Test Cases/Main Test Case/TC001_Verify Login","source":"C:\\\\Users\\\\Comes\\\\git\\\\KatalonGitTest2\\\\Test Cases\\\\Main Test Case\\\\TC001_Verify Login.tc","message":"Test Cases/Main Test Case/TC001_Verify Login","description":"","startTime":1519018738404,"endTime":1519018745101,"childRecords":[{"testStatus":{"stackTrace":"","statusValue":"INFO"},"type":"MESSAGE","name":"","message":"Evaluating variables for test case","startTime":1519018738426,"endTime":0,"childRecords":[],"interuppted":false},{"testStatus":{"stackTrace":"","statusValue":"INFO"},"type":"MESSAGE","name":"","message":"Variable \u0027var_username\u0027 is set to admin","startTime":1519018738430,"endTime":0,"childRecords":[],"interuppted":false},{"testStatus":{"stackTrace":"","statusValue":"INFO"},"type":"MESSAGE","name":"","message":"Variable \u0027var_password\u0027 is set to ","startTime":1519018738430,"endTime":0,"childRecords":[],"interuppted":false},{"testStatus":{"stackTrace":"","statusValue":"INFO"},"type":"MESSAGE","name":"","message":"Variable \u0027var_StatusExpectedResult\u0027 is set to Password cannot be empty","startTime":1519018738434,"endTime":0,"childRecords":[],"interuppted":false},{"testStatus":{"stackTrace":"","statusValue":"INFO"},"type":"MESSAGE","name":"","message":"Start running set up methods for Test Case","startTime":1519018738439,"endTime":0,"childRecords":[],"interuppted":false},{"index":1,"isIgnoredIfFailed":false,"type":"TEST_STEP","name":"Start setup action : setup","message":"Method \u0027setup\u0027 complete successfully","description":"","startTime":1519018738441,"endTime":1519018743894,"childRecords":[{"index":1,"isIgnoredIfFailed":false,"type":"TEST_STEP","name":"openBrowser","message":"Browser is opened with url: \u0027http://opensource.demo.orangehrmlive.com/index.php/auth/login\u0027","description":"","startTime":1519018738747,"endTime":1519018743893,"childRecords":[{"testStatus":{"stackTrace":"","statusValue":"PASSED"},"type":"MESSAGE","name":"","message":"Browser is opened with url: \u0027http://opensource.demo.orangehrmlive.com/index.php/auth/login\u0027","startTime":1519018743893,"endTime":0,"childRecords":[],"interuppted":false}],"interuppted":false},{"testStatus":{"stackTrace":"","statusValue":"PASSED"},"type":"MESSAGE","name":"","message":"Method \u0027setup\u0027 complete successfully","startTime":1519018743894,"endTime":0,"childRecords":[],"interuppted":false}],"interuppted":false},{"index":1,"isIgnoredIfFailed":false,"type":"TEST_STEP","name":"callTestCase","message":"Call Test Case \u0027Test Cases/Common Test Case/Login\u0027 successfully","description":"","startTime":1519018743896,"endTime":1519018744427,"childRecords":[{"isOptional":false,"type":"TEST_CASE","name":"Test Cases/Common Test Case/Login","id":"Test Cases/Common Test Case/Login","source":"C:\\\\Users\\\\Comes\\\\git\\\\KatalonGitTest2\\\\Test Cases\\\\Common Test Case\\\\Login.tc","message":"Test Cases/Common Test Case/Login","description":"","startTime":1519018743975,"endTime":1519018744423,"childRecords":[{"testStatus":{"stackTrace":"","statusValue":"INFO"},"type":"MESSAGE","name":"","message":"Evaluating variables for test case","startTime":1519018743981,"endTime":0,"childRecords":[],"interuppted":false},{"testStatus":{"stackTrace":"","statusValue":"INFO"},"type":"MESSAGE","name":"","message":"Variable \u0027var_username\u0027 is set to admin","startTime":1519018743983,"endTime":0,"childRecords":[],"interuppted":false},{"testStatus":{"stackTrace":"","statusValue":"INFO"},"type":"MESSAGE","name":"","message":"Variable \u0027var_password\u0027 is set to ","startTime":1519018743984,"endTime":0,"childRecords":[],"interuppted":false},{"index":1,"isIgnoredIfFailed":false,"type":"TEST_STEP","name":"setText","message":"Text \u0027admin\u0027 is set on object \u0027Object Repository/Common Test Case_Login/input_txtUsername\u0027","description":"","startTime":1519018744096,"endTime":1519018744246,"childRecords":[{"testStatus":{"stackTrace":"","statusValue":"PASSED"},"type":"MESSAGE","name":"","message":"Text \u0027admin\u0027 is set on object \u0027Object Repository/Common Test Case_Login/input_txtUsername\u0027","startTime":1519018744245,"endTime":0,"childRecords":[],"interuppted":false}],"interuppted":false},{"index":2,"isIgnoredIfFailed":false,"type":"TEST_STEP","name":"setText","message":"Text \u0027\u0027 is set on object \u0027Object Repository/Common Test Case_Login/input_txtPassword\u0027","description":"","startTime":1519018744246,"endTime":1519018744333,"childRecords":[{"testStatus":{"stackTrace":"","statusValue":"PASSED"},"type":"MESSAGE","name":"","message":"Text \u0027\u0027 is set on object \u0027Object Repository/Common Test Case_Login/input_txtPassword\u0027","startTime":1519018744333,"endTime":0,"childRecords":[],"interuppted":false}],"interuppted":false},{"index":3,"isIgnoredIfFailed":false,"type":"TEST_STEP","name":"click","message":"Object: \u0027Object Repository/Common Test Case_Login/input_Submit\u0027 is clicked on","description":"","startTime":1519018744334,"endTime":1519018744422,"childRecords":[{"testStatus":{"stackTrace":"","statusValue":"PASSED"},"type":"MESSAGE","name":"","message":"Object: \u0027Object Repository/Common Test Case_Login/input_Submit\u0027 is clicked on","startTime":1519018744421,"endTime":0,"childRecords":[],"interuppted":false}],"interuppted":false},{"testStatus":{"stackTrace":"","statusValue":"PASSED"},"type":"MESSAGE","name":"","message":"Test Cases/Common Test Case/Login","startTime":1519018744422,"endTime":0,"childRecords":[],"interuppted":false}],"interuppted":false},{"testStatus":{"stackTrace":"","statusValue":"PASSED"},"type":"MESSAGE","name":"","message":"Call Test Case \u0027Test Cases/Common Test Case/Login\u0027 successfully","startTime":1519018744426,"endTime":0,"childRecords":[],"interuppted":false}],"interuppted":false},{"index":2,"isIgnoredIfFailed":false,"type":"TEST_STEP","name":"Statement - switch (var_StatusExpectedResult.toString())","description":"","startTime":1519018744427,"endTime":1519018744502,"childRecords":[{"index":1,"isIgnoredIfFailed":false,"type":"TEST_STEP","name":"Statement - case \"Password cannot be empty\":","description":"","startTime":1519018744428,"endTime":1519018744502,"childRecords":[{"index":1,"isIgnoredIfFailed":false,"type":"TEST_STEP","name":"Statement - errorMess \u003d com.kms.katalon.core.webui.keyword.WebUiBuiltInKeywords.getText(com.kms.katalon.core.testobject.ObjectRepository.findTestObject(Object Repository/Main Test Case_Verify Login/span_Password cannot be empty))","message":"Text of object \u0027Object Repository/Main Test Case_Verify Login/span_Password cannot be empty\u0027 is: \u0027Password cannot be empty\u0027","description":"","startTime":1519018744429,"endTime":1519018744486,"childRecords":[{"testStatus":{"stackTrace":"","statusValue":"PASSED"},"type":"MESSAGE","name":"","message":"Text of object \u0027Object Repository/Main Test Case_Verify Login/span_Password cannot be empty\u0027 is: \u0027Password cannot be empty\u0027","startTime":1519018744485,"endTime":0,"childRecords":[],"interuppted":false}],"interuppted":false},{"index":2,"isIgnoredIfFailed":false,"type":"TEST_STEP","name":"verifyEqual","message":"Actual object \u0027true\u0027 and expected object \u0027true\u0027 are equal","description":"","startTime":1519018744489,"endTime":1519018744501,"childRecords":[{"testStatus":{"stackTrace":"","statusValue":"PASSED"},"type":"MESSAGE","name":"","message":"Actual object \u0027true\u0027 and expected object \u0027true\u0027 are equal","startTime":1519018744500,"endTime":0,"childRecords":[],"interuppted":false}],"interuppted":false},{"index":3,"isIgnoredIfFailed":false,"type":"TEST_STEP","name":"Statement - Break","description":"","startTime":1519018744501,"endTime":1519018744501,"childRecords":[],"interuppted":false}],"interuppted":false}],"interuppted":false},{"testStatus":{"stackTrace":"","statusValue":"INFO"},"type":"MESSAGE","name":"","message":"Start running tear down methods for Test Case","startTime":1519018744502,"endTime":0,"childRecords":[],"interuppted":false},{"index":1,"isIgnoredIfFailed":true,"type":"TEST_STEP","name":"Start tear down : teardown","message":"Method \u0027teardown\u0027 complete successfully","description":"","startTime":1519018744502,"endTime":1519018745100,"childRecords":[{"index":1,"isIgnoredIfFailed":false,"type":"TEST_STEP","name":"closeBrowser","message":"Browser is closed","description":"","startTime":1519018744505,"endTime":1519018745099,"childRecords":[{"testStatus":{"stackTrace":"","statusValue":"PASSED"},"type":"MESSAGE","name":"","message":"Browser is closed","startTime":1519018745098,"endTime":0,"childRecords":[],"interuppted":false}],"interuppted":false},{"testStatus":{"stackTrace":"","statusValue":"PASSED"},"type":"MESSAGE","name":"","message":"Method \u0027teardown\u0027 complete successfully","startTime":1519018745100,"endTime":0,"childRecords":[],"interuppted":false}],"interuppted":false},{"testStatus":{"stackTrace":"","statusValue":"PASSED"},"type":"MESSAGE","name":"","message":"Test Cases/Main Test Case/TC001_Verify Login","startTime":1519018745101,"endTime":0,"childRecords":[],"interuppted":false}],"interuppted":false},{"isOptional":false,"type":"TEST_CASE","name":"Test Cases/Main Test Case/TC001_Verify Login","id":"Test Cases/Main Test Case/TC001_Verify Login","source":"C:\\\\Users\\\\Comes\\\\git\\\\KatalonGitTest2\\\\Test Cases\\\\Main Test Case\\\\TC001_Verify Login.tc","message":"Test Cases/Main Test Case/TC001_Verify Login","description":"","startTime":1519018745106,"endTime":1519018750696,"childRecords":[{"testStatus":{"stackTrace":"","statusValue":"INFO"},"type":"MESSAGE","name":"","message":"Evaluating variables for test case","startTime":1519018745116,"endTime":0,"childRecords":[],"interuppted":false},{"testStatus":{"stackTrace":"","statusValue":"INFO"},"type":"MESSAGE","name":"","message":"Variable \u0027var_username\u0027 is set to admin","startTime":1519018745116,"endTime":0,"childRecords":[],"interuppted":false},{"testStatus":{"stackTrace":"","statusValue":"INFO"},"type":"MESSAGE","name":"","message":"Variable \u0027var_password\u0027 is set to 123456","startTime":1519018745117,"endTime":0,"childRecords":[],"interuppted":false},{"testStatus":{"stackTrace":"","statusValue":"INFO"},"type":"MESSAGE","name":"","message":"Variable \u0027var_StatusExpectedResult\u0027 is set to Invalid credentials","startTime":1519018745117,"endTime":0,"childRecords":[],"interuppted":false},{"testStatus":{"stackTrace":"","statusValue":"INFO"},"type":"MESSAGE","name":"","message":"Start running set up methods for Test Case","startTime":1519018745117,"endTime":0,"childRecords":[],"interuppted":false},{"index":1,"isIgnoredIfFailed":false,"type":"TEST_STEP","name":"Start setup action : setup","message":"Method \u0027setup\u0027 complete successfully","description":"","startTime":1519018745117,"endTime":1519018748930,"childRecords":[{"index":1,"isIgnoredIfFailed":false,"type":"TEST_STEP","name":"openBrowser","message":"Browser is opened with url: \u0027http://opensource.demo.orangehrmlive.com/index.php/auth/login\u0027","description":"","startTime":1519018745118,"endTime":1519018748929,"childRecords":[{"testStatus":{"stackTrace":"","statusValue":"PASSED"},"type":"MESSAGE","name":"","message":"Browser is opened with url: \u0027http://opensource.demo.orangehrmlive.com/index.php/auth/login\u0027","startTime":1519018748924,"endTime":0,"childRecords":[],"interuppted":false}],"interuppted":false},{"testStatus":{"stackTrace":"","statusValue":"PASSED"},"type":"MESSAGE","name":"","message":"Method \u0027setup\u0027 complete successfully","startTime":1519018748930,"endTime":0,"childRecords":[],"interuppted":false}],"interuppted":false},{"index":1,"isIgnoredIfFailed":false,"type":"TEST_STEP","name":"callTestCase","message":"Call Test Case \u0027Test Cases/Common Test Case/Login\u0027 successfully","description":"","startTime":1519018748931,"endTime":1519018750073,"childRecords":[{"isOptional":false,"type":"TEST_CASE","name":"Test Cases/Common Test Case/Login","id":"Test Cases/Common Test Case/Login","source":"C:\\\\Users\\\\Comes\\\\git\\\\KatalonGitTest2\\\\Test Cases\\\\Common Test Case\\\\Login.tc","message":"Test Cases/Common Test Case/Login","description":"","startTime":1519018748990,"endTime":1519018750071,"childRecords":[{"testStatus":{"stackTrace":"","statusValue":"INFO"},"type":"MESSAGE","name":"","message":"Evaluating variables for test case","startTime":1519018749007,"endTime":0,"childRecords":[],"interuppted":false},{"testStatus":{"stackTrace":"","statusValue":"INFO"},"type":"MESSAGE","name":"","message":"Variable \u0027var_username\u0027 is set to admin","startTime":1519018749009,"endTime":0,"childRecords":[],"interuppted":false},{"testStatus":{"stackTrace":"","statusValue":"INFO"},"type":"MESSAGE","name":"","message":"Variable \u0027var_password\u0027 is set to 123456","startTime":1519018749010,"endTime":0,"childRecords":[],"interuppted":false},{"index":1,"isIgnoredIfFailed":false,"type":"TEST_STEP","name":"setText","message":"Text \u0027admin\u0027 is set on object \u0027Object Repository/Common Test Case_Login/input_txtUsername\u0027","description":"","startTime":1519018749013,"endTime":1519018749128,"childRecords":[{"testStatus":{"stackTrace":"","statusValue":"PASSED"},"type":"MESSAGE","name":"","message":"Text \u0027admin\u0027 is set on object \u0027Object Repository/Common Test Case_Login/input_txtUsername\u0027","startTime":1519018749128,"endTime":0,"childRecords":[],"interuppted":false}],"interuppted":false},{"index":2,"isIgnoredIfFailed":false,"type":"TEST_STEP","name":"setText","message":"Text \u0027123456\u0027 is set on object \u0027Object Repository/Common Test Case_Login/input_txtPassword\u0027","description":"","startTime":1519018749128,"endTime":1519018749225,"childRecords":[{"testStatus":{"stackTrace":"","statusValue":"PASSED"},"type":"MESSAGE","name":"","message":"Text \u0027123456\u0027 is set on object \u0027Object Repository/Common Test Case_Login/input_txtPassword\u0027","startTime":1519018749224,"endTime":0,"childRecords":[],"interuppted":false}],"interuppted":false},{"index":3,"isIgnoredIfFailed":false,"type":"TEST_STEP","name":"click","message":"Object: \u0027Object Repository/Common Test Case_Login/input_Submit\u0027 is clicked on","description":"","startTime":1519018749225,"endTime":1519018750070,"childRecords":[{"testStatus":{"stackTrace":"","statusValue":"PASSED"},"type":"MESSAGE","name":"","message":"Object: \u0027Object Repository/Common Test Case_Login/input_Submit\u0027 is clicked on","startTime":1519018750070,"endTime":0,"childRecords":[],"interuppted":false}],"interuppted":false},{"testStatus":{"stackTrace":"","statusValue":"PASSED"},"type":"MESSAGE","name":"","message":"Test Cases/Common Test Case/Login","startTime":1519018750071,"endTime":0,"childRecords":[],"interuppted":false}],"interuppted":false},{"testStatus":{"stackTrace":"","statusValue":"PASSED"},"type":"MESSAGE","name":"","message":"Call Test Case \u0027Test Cases/Common Test Case/Login\u0027 successfully","startTime":1519018750072,"endTime":0,"childRecords":[],"interuppted":false}],"interuppted":false},{"index":2,"isIgnoredIfFailed":false,"type":"TEST_STEP","name":"Statement - switch (var_StatusExpectedResult.toString())","description":"","startTime":1519018750073,"endTime":1519018750138,"childRecords":[{"index":2,"isIgnoredIfFailed":false,"type":"TEST_STEP","name":"Statement - case \"Invalid credentials\":","description":"","startTime":1519018750074,"endTime":1519018750137,"childRecords":[{"index":1,"isIgnoredIfFailed":false,"type":"TEST_STEP","name":"Statement - errorMess \u003d com.kms.katalon.core.webui.keyword.WebUiBuiltInKeywords.getText(com.kms.katalon.core.testobject.ObjectRepository.findTestObject(Object Repository/Main Test Case_Verify Login/span_Invalid credentials))","message":"Text of object \u0027Object Repository/Main Test Case_Verify Login/span_Invalid credentials\u0027 is: \u0027Invalid credentials\u0027","description":"","startTime":1519018750076,"endTime":1519018750135,"childRecords":[{"testStatus":{"stackTrace":"","statusValue":"PASSED"},"type":"MESSAGE","name":"","message":"Text of object \u0027Object Repository/Main Test Case_Verify Login/span_Invalid credentials\u0027 is: \u0027Invalid credentials\u0027","startTime":1519018750135,"endTime":0,"childRecords":[],"interuppted":false}],"interuppted":false},{"index":2,"isIgnoredIfFailed":false,"type":"TEST_STEP","name":"verifyEqual","message":"Actual object \u0027true\u0027 and expected object \u0027true\u0027 are equal","description":"","startTime":1519018750136,"endTime":1519018750137,"childRecords":[{"testStatus":{"stackTrace":"","statusValue":"PASSED"},"type":"MESSAGE","name":"","message":"Actual object \u0027true\u0027 and expected object \u0027true\u0027 are equal","startTime":1519018750136,"endTime":0,"childRecords":[],"interuppted":false}],"interuppted":false},{"index":3,"isIgnoredIfFailed":false,"type":"TEST_STEP","name":"Statement - Break","description":"","startTime":1519018750137,"endTime":1519018750137,"childRecords":[],"interuppted":false}],"interuppted":false}],"interuppted":false},{"testStatus":{"stackTrace":"","statusValue":"INFO"},"type":"MESSAGE","name":"","message":"Start running tear down methods for Test Case","startTime":1519018750138,"endTime":0,"childRecords":[],"interuppted":false},{"index":1,"isIgnoredIfFailed":true,"type":"TEST_STEP","name":"Start tear down : teardown","message":"Method \u0027teardown\u0027 complete successfully","description":"","startTime":1519018750138,"endTime":1519018750695,"childRecords":[{"index":1,"isIgnoredIfFailed":false,"type":"TEST_STEP","name":"closeBrowser","message":"Browser is closed","description":"","startTime":1519018750139,"endTime":1519018750692,"childRecords":[{"testStatus":{"stackTrace":"","statusValue":"PASSED"},"type":"MESSAGE","name":"","message":"Browser is closed","startTime":1519018750690,"endTime":0,"childRecords":[],"interuppted":false}],"interuppted":false},{"testStatus":{"stackTrace":"","statusValue":"PASSED"},"type":"MESSAGE","name":"","message":"Method \u0027teardown\u0027 complete successfully","startTime":1519018750692,"endTime":0,"childRecords":[],"interuppted":false}],"interuppted":false},{"testStatus":{"stackTrace":"","statusValue":"PASSED"},"type":"MESSAGE","name":"","message":"Test Cases/Main Test Case/TC001_Verify Login","startTime":1519018750696,"endTime":0,"childRecords":[],"interuppted":false}],"interuppted":false},{"isOptional":false,"type":"TEST_CASE","name":"Test Cases/Main Test Case/TC001_Verify Login","id":"Test Cases/Main Test Case/TC001_Verify Login","source":"C:\\\\Users\\\\Comes\\\\git\\\\KatalonGitTest2\\\\Test Cases\\\\Main Test Case\\\\TC001_Verify Login.tc","message":"Test Cases/Main Test Case/TC001_Verify Login FAILED because (of) Unable to verify equal between actual object \u0027false\u0027 and expected object \u0027true\u0027 (Root cause: Actual object \u0027false\u0027 and expected object \u0027true\u0027 are not equal)","description":"","startTime":1519018750704,"endTime":1519018758290,"childRecords":[{"testStatus":{"stackTrace":"","statusValue":"INFO"},"type":"MESSAGE","name":"","message":"Evaluating variables for test case","startTime":1519018750721,"endTime":0,"childRecords":[],"interuppted":false},{"testStatus":{"stackTrace":"","statusValue":"INFO"},"type":"MESSAGE","name":"","message":"Variable \u0027var_username\u0027 is set to admin","startTime":1519018750721,"endTime":0,"childRecords":[],"interuppted":false},{"testStatus":{"stackTrace":"","statusValue":"INFO"},"type":"MESSAGE","name":"","message":"Variable \u0027var_password\u0027 is set to admin","startTime":1519018750722,"endTime":0,"childRecords":[],"interuppted":false},{"testStatus":{"stackTrace":"","statusValue":"INFO"},"type":"MESSAGE","name":"","message":"Variable \u0027var_StatusExpectedResult\u0027 is set to Welcome Admin","startTime":1519018750722,"endTime":0,"childRecords":[],"interuppted":false},{"testStatus":{"stackTrace":"","statusValue":"INFO"},"type":"MESSAGE","name":"","message":"Start running set up methods for Test Case","startTime":1519018750723,"endTime":0,"childRecords":[],"interuppted":false},{"index":1,"isIgnoredIfFailed":false,"type":"TEST_STEP","name":"Start setup action : setup","message":"Method \u0027setup\u0027 complete successfully","description":"","startTime":1519018750724,"endTime":1519018754629,"childRecords":[{"index":1,"isIgnoredIfFailed":false,"type":"TEST_STEP","name":"openBrowser","message":"Browser is opened with url: \u0027http://opensource.demo.orangehrmlive.com/index.php/auth/login\u0027","description":"","startTime":1519018750726,"endTime":1519018754628,"childRecords":[{"testStatus":{"stackTrace":"","statusValue":"PASSED"},"type":"MESSAGE","name":"","message":"Browser is opened with url: \u0027http://opensource.demo.orangehrmlive.com/index.php/auth/login\u0027","startTime":1519018754627,"endTime":0,"childRecords":[],"interuppted":false}],"interuppted":false},{"testStatus":{"stackTrace":"","statusValue":"PASSED"},"type":"MESSAGE","name":"","message":"Method \u0027setup\u0027 complete successfully","startTime":1519018754629,"endTime":0,"childRecords":[],"interuppted":false}],"interuppted":false},{"index":1,"isIgnoredIfFailed":false,"type":"TEST_STEP","name":"callTestCase","message":"Call Test Case \u0027Test Cases/Common Test Case/Login\u0027 successfully","description":"","startTime":1519018754630,"endTime":1519018757681,"childRecords":[{"isOptional":false,"type":"TEST_CASE","name":"Test Cases/Common Test Case/Login","id":"Test Cases/Common Test Case/Login","source":"C:\\\\Users\\\\Comes\\\\git\\\\KatalonGitTest2\\\\Test Cases\\\\Common Test Case\\\\Login.tc","message":"Test Cases/Common Test Case/Login","description":"","startTime":1519018754688,"endTime":1519018757680,"childRecords":[{"testStatus":{"stackTrace":"","statusValue":"INFO"},"type":"MESSAGE","name":"","message":"Evaluating variables for test case","startTime":1519018754715,"endTime":0,"childRecords":[],"interuppted":false},{"testStatus":{"stackTrace":"","statusValue":"INFO"},"type":"MESSAGE","name":"","message":"Variable \u0027var_username\u0027 is set to admin","startTime":1519018754717,"endTime":0,"childRecords":[],"interuppted":false},{"testStatus":{"stackTrace":"","statusValue":"INFO"},"type":"MESSAGE","name":"","message":"Variable \u0027var_password\u0027 is set to admin","startTime":1519018754718,"endTime":0,"childRecords":[],"interuppted":false},{"index":1,"isIgnoredIfFailed":false,"type":"TEST_STEP","name":"setText","message":"Text \u0027admin\u0027 is set on object \u0027Object Repository/Common Test Case_Login/input_txtUsername\u0027","description":"","startTime":1519018754720,"endTime":1519018754829,"childRecords":[{"testStatus":{"stackTrace":"","statusValue":"PASSED"},"type":"MESSAGE","name":"","message":"Text \u0027admin\u0027 is set on object \u0027Object Repository/Common Test Case_Login/input_txtUsername\u0027","startTime":1519018754829,"endTime":0,"childRecords":[],"interuppted":false}],"interuppted":false},{"index":2,"isIgnoredIfFailed":false,"type":"TEST_STEP","name":"setText","message":"Text \u0027admin\u0027 is set on object \u0027Object Repository/Common Test Case_Login/input_txtPassword\u0027","description":"","startTime":1519018754829,"endTime":1519018754919,"childRecords":[{"testStatus":{"stackTrace":"","statusValue":"PASSED"},"type":"MESSAGE","name":"","message":"Text \u0027admin\u0027 is set on object \u0027Object Repository/Common Test Case_Login/input_txtPassword\u0027","startTime":1519018754919,"endTime":0,"childRecords":[],"interuppted":false}],"interuppted":false},{"index":3,"isIgnoredIfFailed":false,"type":"TEST_STEP","name":"click","message":"Object: \u0027Object Repository/Common Test Case_Login/input_Submit\u0027 is clicked on","description":"","startTime":1519018754920,"endTime":1519018757680,"childRecords":[{"testStatus":{"stackTrace":"","statusValue":"PASSED"},"type":"MESSAGE","name":"","message":"Object: \u0027Object Repository/Common Test Case_Login/input_Submit\u0027 is clicked on","startTime":1519018757680,"endTime":0,"childRecords":[],"interuppted":false}],"interuppted":false},{"testStatus":{"stackTrace":"","statusValue":"PASSED"},"type":"MESSAGE","name":"","message":"Test Cases/Common Test Case/Login","startTime":1519018757680,"endTime":0,"childRecords":[],"interuppted":false}],"interuppted":false},{"testStatus":{"stackTrace":"","statusValue":"PASSED"},"type":"MESSAGE","name":"","message":"Call Test Case \u0027Test Cases/Common Test Case/Login\u0027 successfully","startTime":1519018757681,"endTime":0,"childRecords":[],"interuppted":false}],"interuppted":false},{"index":2,"isIgnoredIfFailed":false,"type":"TEST_STEP","name":"Statement - switch (var_StatusExpectedResult.toString())","message":"Unable to verify equal between actual object \u0027false\u0027 and expected object \u0027true\u0027 (Root cause: Actual object \u0027false\u0027 and expected object \u0027true\u0027 are not equal)","description":"","startTime":1519018757681,"endTime":1519018757730,"childRecords":[{"index":3,"isIgnoredIfFailed":false,"type":"TEST_STEP","name":"Statement - case \"Welcome Admin\":","message":"Unable to verify equal between actual object \u0027false\u0027 and expected object \u0027true\u0027 (Root cause: Actual object \u0027false\u0027 and expected object \u0027true\u0027 are not equal)","description":"","startTime":1519018757681,"endTime":1519018757730,"childRecords":[{"index":1,"isIgnoredIfFailed":false,"type":"TEST_STEP","name":"Statement - successMess \u003d com.kms.katalon.core.webui.keyword.WebUiBuiltInKeywords.getText(com.kms.katalon.core.testobject.ObjectRepository.findTestObject(Object Repository/Main Test Case_Verify Login/a_Welcome Admin))","message":"Text of object \u0027Object Repository/Main Test Case_Verify Login/a_Welcome Admin\u0027 is: \u0027Welcome Admin\u0027","description":"","startTime":1519018757682,"endTime":1519018757728,"childRecords":[{"testStatus":{"stackTrace":"","statusValue":"PASSED"},"type":"MESSAGE","name":"","message":"Text of object \u0027Object Repository/Main Test Case_Verify Login/a_Welcome Admin\u0027 is: \u0027Welcome Admin\u0027","startTime":1519018757728,"endTime":0,"childRecords":[],"interuppted":false}],"interuppted":false},{"index":2,"isIgnoredIfFailed":false,"type":"TEST_STEP","name":"verifyEqual","message":"Unable to verify equal between actual object \u0027false\u0027 and expected object \u0027true\u0027 (Root cause: Actual object \u0027false\u0027 and expected object \u0027true\u0027 are not equal)","description":"","startTime":1519018757728,"endTime":1519018757730,"childRecords":[{"testStatus":{"stackTrace":"","statusValue":"FAILED"},"type":"MESSAGE","name":"","message":"Unable to verify equal between actual object \u0027false\u0027 and expected object \u0027true\u0027 (Root cause: Actual object \u0027false\u0027 and expected object \u0027true\u0027 are not equal)","startTime":1519018757729,"endTime":0,"childRecords":[],"interuppted":false}],"interuppted":false}],"interuppted":false}],"interuppted":false},{"testStatus":{"stackTrace":"","statusValue":"FAILED"},"type":"MESSAGE","name":"","message":"Test Cases/Main Test Case/TC001_Verify Login FAILED because (of) Unable to verify equal between actual object \u0027false\u0027 and expected object \u0027true\u0027 (Root cause: Actual object \u0027false\u0027 and expected object \u0027true\u0027 are not equal)","startTime":1519018757731,"endTime":0,"childRecords":[],"interuppted":false},{"testStatus":{"stackTrace":"","statusValue":"INFO"},"type":"MESSAGE","name":"","message":"Start running tear down methods for Test Case","startTime":1519018757731,"endTime":0,"childRecords":[],"interuppted":false},{"index":1,"isIgnoredIfFailed":true,"type":"TEST_STEP","name":"Start tear down : teardown","message":"Method \u0027teardown\u0027 complete successfully","description":"","startTime":1519018757731,"endTime":1519018758289,"childRecords":[{"index":1,"isIgnoredIfFailed":false,"type":"TEST_STEP","name":"closeBrowser","message":"Browser is closed","description":"","startTime":1519018757732,"endTime":1519018758288,"childRecords":[{"testStatus":{"stackTrace":"","statusValue":"PASSED"},"type":"MESSAGE","name":"","message":"Browser is closed","startTime":1519018758287,"endTime":0,"childRecords":[],"interuppted":false}],"interuppted":false},{"testStatus":{"stackTrace":"","statusValue":"PASSED"},"type":"MESSAGE","name":"","message":"Method \u0027teardown\u0027 complete successfully","startTime":1519018758289,"endTime":0,"childRecords":[],"interuppted":false}],"interuppted":false}],"interuppted":false}],"interuppted":false}