{"devicePlatform":"","logFolder":"C:\\Users\\user\\git\\KatalonGitTest\\Reports\\Login_Verification Case\\20180218_232507","runData":{"hostName":"user - 192.168.25.42","hostAddress":"192.168.25.42","os":"Windows 10 64bit","katalonVersion":"5.3.0.1"},"type":"TEST_SUITE","name":"Login_Verification Case","id":"Test Suites/Login_Verification Case","source":"","message":"Test Cases/Main Test Case/TC001_Verify Login has ERROR(s) because (of) Unable to open browser with url: \u0027http://opensource.demo.orangehrmlive.com/index.php/auth/login\u0027 (Root cause: java.lang.IllegalStateException: The driver executable does not exist: C:\\Users\\user\\Desktop\\????\\Katalon\\Katalon_Studio_Windows_64-5.3.0\\configuration\\resources\\drivers\\chromedriver_win32\\chromedriver.exe)","description":"","startTime":1518963911375,"endTime":1518963914702,"childRecords":[{"isOptional":false,"type":"TEST_CASE","name":"Test Cases/Main Test Case/TC001_Verify Login","id":"Test Cases/Main Test Case/TC001_Verify Login","source":"C:\\\\Users\\\\user\\\\git\\\\KatalonGitTest\\\\Test Cases\\\\Main Test Case\\\\TC001_Verify Login.tc","message":"Test Cases/Main Test Case/TC001_Verify Login has ERROR(s) because (of) Unable to open browser with url: \u0027http://opensource.demo.orangehrmlive.com/index.php/auth/login\u0027 (Root cause: java.lang.IllegalStateException: The driver executable does not exist: C:\\Users\\user\\Desktop\\????\\Katalon\\Katalon_Studio_Windows_64-5.3.0\\configuration\\resources\\drivers\\chromedriver_win32\\chromedriver.exe)","description":"","startTime":1518963912728,"endTime":1518963914490,"childRecords":[{"testStatus":{"stackTrace":"","statusValue":"INFO"},"type":"MESSAGE","name":"","message":"Evaluating variables for test case","startTime":1518963912788,"endTime":0,"childRecords":[],"interuppted":false},{"testStatus":{"stackTrace":"","statusValue":"INFO"},"type":"MESSAGE","name":"","message":"Variable \u0027var_username\u0027 is set to  as default","startTime":1518963912934,"endTime":0,"childRecords":[],"interuppted":false},{"testStatus":{"stackTrace":"","statusValue":"INFO"},"type":"MESSAGE","name":"","message":"Variable \u0027var_password\u0027 is set to  as default","startTime":1518963912977,"endTime":0,"childRecords":[],"interuppted":false},{"testStatus":{"stackTrace":"","statusValue":"INFO"},"type":"MESSAGE","name":"","message":"Variable \u0027var_StatusExpectedResult\u0027 is set to  as default","startTime":1518963912992,"endTime":0,"childRecords":[],"interuppted":false},{"testStatus":{"stackTrace":"","statusValue":"INFO"},"type":"MESSAGE","name":"","message":"Start running set up methods for Test Case","startTime":1518963912998,"endTime":0,"childRecords":[],"interuppted":false},{"index":1,"isIgnoredIfFailed":false,"type":"TEST_STEP","name":"Start setup action : setup","message":"Error occurred when try to run method \u0027setup\u0027 (Root cause: com.kms.katalon.core.exception.StepFailedException - Unable to open browser with url: \u0027http://opensource.demo.orangehrmlive.com/index.php/auth/login\u0027 (Root cause: java.lang.IllegalStateException: The driver executable does not exist: C:\\Users\\user\\Desktop\\????\\Katalon\\Katalon_Studio_Windows_64-5.3.0\\configuration\\resources\\drivers\\chromedriver_win32\\chromedriver.exe))","description":"","startTime":1518963912999,"endTime":1518963914427,"childRecords":[{"index":1,"isIgnoredIfFailed":false,"type":"TEST_STEP","name":"openBrowser","message":"Unable to open browser with url: \u0027http://opensource.demo.orangehrmlive.com/index.php/auth/login\u0027 (Root cause: java.lang.IllegalStateException: The driver executable does not exist: C:\\Users\\user\\Desktop\\????\\Katalon\\Katalon_Studio_Windows_64-5.3.0\\configuration\\resources\\drivers\\chromedriver_win32\\chromedriver.exe)","description":"","startTime":1518963913664,"endTime":1518963914420,"childRecords":[{"testStatus":{"stackTrace":"","statusValue":"FAILED"},"type":"MESSAGE","name":"","message":"Unable to open browser with url: \u0027http://opensource.demo.orangehrmlive.com/index.php/auth/login\u0027 (Root cause: java.lang.IllegalStateException: The driver executable does not exist: C:\\Users\\user\\Desktop\\????\\Katalon\\Katalon_Studio_Windows_64-5.3.0\\configuration\\resources\\drivers\\chromedriver_win32\\chromedriver.exe)","startTime":1518963914419,"endTime":0,"childRecords":[],"interuppted":false}],"interuppted":false},{"testStatus":{"stackTrace":"","statusValue":"ERROR"},"type":"MESSAGE","name":"","message":"Error occurred when try to run method \u0027setup\u0027 (Root cause: com.kms.katalon.core.exception.StepFailedException - Unable to open browser with url: \u0027http://opensource.demo.orangehrmlive.com/index.php/auth/login\u0027 (Root cause: java.lang.IllegalStateException: The driver executable does not exist: C:\\Users\\user\\Desktop\\????\\Katalon\\Katalon_Studio_Windows_64-5.3.0\\configuration\\resources\\drivers\\chromedriver_win32\\chromedriver.exe))","startTime":1518963914426,"endTime":0,"childRecords":[],"interuppted":false}],"interuppted":false},{"testStatus":{"stackTrace":"","statusValue":"INFO"},"type":"MESSAGE","name":"","message":"Start running tear down methods for Test Case","startTime":1518963914429,"endTime":0,"childRecords":[],"interuppted":false},{"index":1,"isIgnoredIfFailed":true,"type":"TEST_STEP","name":"Start tear down : teardown","message":"Method \u0027teardown\u0027 complete successfully","description":"","startTime":1518963914429,"endTime":1518963914484,"childRecords":[{"index":1,"isIgnoredIfFailed":false,"type":"TEST_STEP","name":"closeBrowser","message":"Browser is closed","description":"","startTime":1518963914433,"endTime":1518963914481,"childRecords":[{"testStatus":{"stackTrace":"","statusValue":"PASSED"},"type":"MESSAGE","name":"","message":"Browser is closed","startTime":1518963914479,"endTime":0,"childRecords":[],"interuppted":false}],"interuppted":false},{"testStatus":{"stackTrace":"","statusValue":"PASSED"},"type":"MESSAGE","name":"","message":"Method \u0027teardown\u0027 complete successfully","startTime":1518963914483,"endTime":0,"childRecords":[],"interuppted":false}],"interuppted":false},{"testStatus":{"stackTrace":"","statusValue":"ERROR"},"type":"MESSAGE","name":"","message":"Test Cases/Main Test Case/TC001_Verify Login has ERROR(s) because (of) Unable to open browser with url: \u0027http://opensource.demo.orangehrmlive.com/index.php/auth/login\u0027 (Root cause: java.lang.IllegalStateException: The driver executable does not exist: C:\\Users\\user\\Desktop\\????\\Katalon\\Katalon_Studio_Windows_64-5.3.0\\configuration\\resources\\drivers\\chromedriver_win32\\chromedriver.exe)","startTime":1518963914487,"endTime":0,"childRecords":[],"interuppted":false}],"interuppted":false}],"interuppted":false}